
G-2-10:	0:34.09 real,	2.04 user,	1.30 sys
G-3-10:	0:34.39 real,	2.23 user,	1.52 sys
G-4-10:	0:34.75 real,	2.47 user,	1.93 sys
G-5-10:	0:34.95 real,	2.75 user,	2.14 sys
G-6-10:	0:35.15 real,	3.04 user,	2.30 sys
G-7-10:	0:35.62 real,	3.28 user,	2.79 sys
G-8-10:	0:36.00 real,	3.45 user,	3.02 sys
G-9-10:	0:36.27 real,	3.54 user,	3.32 sys
G-10-10:	0:36.58 real,	3.91 user,	3.31 sys
G-11-10:	0:36.95 real,	4.22 user,	3.52 sys
G-12-10:	0:37.01 real,	4.43 user,	3.64 sys
G-13-10:	0:37.46 real,	4.68 user,	3.95 sys
G-14-10:	0:37.64 real,	4.71 user,	4.05 sys
G-15-10:	0:38.02 real,	5.01 user,	4.43 sys
G-16-10:	0:38.23 real,	5.20 user,	4.29 sys
G-17-10:	0:38.51 real,	5.53 user,	4.44 sys
G-18-10:	0:38.32 real,	5.36 user,	4.88 sys
G-19-10:	0:38.85 real,	5.70 user,	5.08 sys
G-20-10:	0:38.97 real,	6.01 user,	4.90 sys
G-21-10:	0:39.47 real,	6.27 user,	5.36 sys
G-22-10:	0:39.92 real,	6.46 user,	5.66 sys
G-23-10:	0:39.95 real,	6.65 user,	5.70 sys
G-24-10:	0:40.03 real,	6.50 user,	5.90 sys
G-25-10:	0:40.86 real,	6.98 user,	6.27 sys
G-26-10:	0:40.78 real,	7.09 user,	6.17 sys
G-27-10:	0:41.55 real,	7.22 user,	6.68 sys
G-28-10:	0:41.46 real,	7.29 user,	6.69 sys
G-29-10:	0:41.64 real,	7.66 user,	6.51 sys
G-30-10:	0:42.02 real,	7.70 user,	7.15 sys
G-31-10:	0:42.50 real,	8.06 user,	7.33 sys
G-32-10:	0:42.63 real,	8.25 user,	7.43 sys
G-33-10:	0:42.77 real,	8.41 user,	7.49 sys
G-34-10:	0:43.12 real,	8.59 user,	7.72 sys
G-35-10:	0:43.20 real,	8.77 user,	8.02 sys
G-36-10:	0:43.66 real,	9.09 user,	8.14 sys
G-37-10:	0:43.57 real,	9.05 user,	8.18 sys
G-38-10:	0:44.56 real,	9.62 user,	8.29 sys
G-39-10:	0:44.50 real,	9.65 user,	8.55 sys
G-40-10:	0:44.80 real,	9.80 user,	8.72 sys
G-41-10:	0:45.08 real,	9.69 user,	9.29 sys
G-42-10:	0:45.35 real,	10.27 user,	9.39 sys
G-43-10:	0:45.67 real,	10.41 user,	9.38 sys
G-44-10:	0:45.94 real,	10.61 user,	9.71 sys
G-45-10:	0:46.26 real,	10.80 user,	9.81 sys
G-46-10:	0:46.49 real,	11.17 user,	9.81 sys
G-47-10:	0:46.54 real,	11.02 user,	10.30 sys
G-48-10:	0:47.14 real,	11.58 user,	10.30 sys
G-49-10:	0:47.79 real,	11.67 user,	10.47 sys
G-50-10:	0:47.26 real,	11.81 user,	10.69 sys
G-51-10:	0:47.88 real,	12.01 user,	10.98 sys
G-52-10:	0:48.01 real,	12.45 user,	11.19 sys
G-53-10:	0:48.36 real,	12.84 user,	11.19 sys
G-54-10:	0:48.63 real,	12.66 user,	11.85 sys
G-55-10:	0:48.84 real,	13.03 user,	11.69 sys
G-56-10:	0:48.98 real,	13.02 user,	12.20 sys
G-57-10:	0:49.61 real,	13.23 user,	12.28 sys
G-58-10:	0:49.76 real,	13.65 user,	12.34 sys
G-59-10:	0:50.40 real,	13.97 user,	12.91 sys
G-60-10:	0:50.52 real,	13.97 user,	13.07 sys
G-61-10:	0:50.90 real,	14.21 user,	13.12 sys
G-62-10:	0:50.88 real,	14.49 user,	13.21 sys
G-63-10:	0:51.61 real,	14.92 user,	13.60 sys
G-64-10:	0:51.52 real,	14.81 user,	13.79 sys
G-65-10:	0:52.05 real,	15.45 user,	13.83 sys
G-66-10:	0:52.26 real,	15.38 user,	14.30 sys
G-67-10:	0:52.65 real,	15.79 user,	14.45 sys
G-68-10:	0:52.84 real,	15.79 user,	14.58 sys
G-69-10:	0:53.26 real,	16.01 user,	14.90 sys
G-70-10:	0:53.74 real,	16.29 user,	15.42 sys
G-71-10:	0:53.93 real,	17.07 user,	14.93 sys
G-72-10:	0:54.23 real,	17.23 user,	15.27 sys
G-73-10:	0:54.34 real,	17.07 user,	15.81 sys
G-74-10:	0:54.90 real,	16.92 user,	16.49 sys
G-75-10:	0:55.33 real,	17.61 user,	16.17 sys
G-76-10:	0:55.01 real,	17.47 user,	16.44 sys
G-77-10:	0:55.44 real,	18.18 user,	16.56 sys
G-78-10:	0:55.83 real,	18.24 user,	16.91 sys
G-79-10:	0:56.04 real,	18.53 user,	16.97 sys
G-80-10:	0:56.61 real,	18.81 user,	17.25 sys
G-81-10:	0:56.97 real,	19.16 user,	17.41 sys
G-82-10:	0:57.36 real,	19.35 user,	17.53 sys
G-83-10:	0:57.47 real,	19.22 user,	18.11 sys
G-84-10:	0:57.87 real,	19.82 user,	18.21 sys
G-85-10:	0:58.84 real,	20.20 user,	18.47 sys
G-86-10:	0:58.88 real,	20.20 user,	18.95 sys
G-87-10:	0:58.86 real,	20.72 user,	18.56 sys
G-88-10:	0:59.19 real,	20.39 user,	19.04 sys
G-89-10:	0:59.01 real,	20.80 user,	19.00 sys
G-90-10:	0:59.76 real,	21.32 user,	19.49 sys
Command exited with non-zero status 1
G-91-10:	2:40.20 real,	1.58 user,	0.67 sys
Command exited with non-zero status 1
G-92-10:	0:02.62 real,	0.21 user,	0.05 sys
Command exited with non-zero status 1
G-93-10:	0:02.61 real,	0.21 user,	0.05 sys
Command exited with non-zero status 1
G-94-10:	0:02.61 real,	0.20 user,	0.05 sys
Command exited with non-zero status 1
G-95-10:	0:02.63 real,	0.22 user,	0.04 sys
Command exited with non-zero status 1
G-96-10:	0:02.66 real,	0.20 user,	0.06 sys
Command exited with non-zero status 1
G-97-10:	0:02.66 real,	0.22 user,	0.04 sys
Command exited with non-zero status 1
G-98-10:	0:02.68 real,	0.22 user,	0.04 sys
Command exited with non-zero status 1
G-99-10:	0:02.67 real,	0.21 user,	0.05 sys
Command exited with non-zero status 1
G-100-10:	0:02.73 real,	0.21 user,	0.05 sys
Command exited with non-zero status 1
G-101-10:	0:02.74 real,	0.20 user,	0.06 sys
Command exited with non-zero status 1
G-102-10:	0:02.64 real,	0.21 user,	0.06 sys
Command exited with non-zero status 1
G-103-10:	0:02.72 real,	0.19 user,	0.06 sys
Command exited with non-zero status 1
G-104-10:	0:02.68 real,	0.22 user,	0.04 sys
Command exited with non-zero status 1
G-105-10:	0:02.75 real,	0.21 user,	0.05 sys
Command exited with non-zero status 1
G-106-10:	0:02.72 real,	0.21 user,	0.05 sys
Command exited with non-zero status 1
G-107-10:	0:02.73 real,	0.21 user,	0.05 sys
Command exited with non-zero status 1
G-108-10:	0:02.80 real,	0.23 user,	0.04 sys
Command exited with non-zero status 1
G-109-10:	0:02.71 real,	0.21 user,	0.04 sys
Command exited with non-zero status 1
G-110-10:	0:02.77 real,	0.21 user,	0.06 sys
Command exited with non-zero status 1
G-111-10:	0:02.81 real,	0.22 user,	0.04 sys
Command exited with non-zero status 1
G-112-10:	0:02.80 real,	0.22 user,	0.04 sys
Command exited with non-zero status 1
G-113-10:	0:02.79 real,	0.22 user,	0.05 sys
Command exited with non-zero status 1
G-114-10:	0:02.87 real,	0.23 user,	0.05 sys
Command exited with non-zero status 1
G-115-10:	0:02.80 real,	0.21 user,	0.06 sys
Command exited with non-zero status 1
G-116-10:	0:02.83 real,	0.22 user,	0.05 sys
Command exited with non-zero status 1
G-117-10:	0:02.89 real,	0.22 user,	0.06 sys
Command exited with non-zero status 1
G-118-10:	0:02.86 real,	0.21 user,	0.06 sys
Command exited with non-zero status 1
G-119-10:	0:02.84 real,	0.23 user,	0.04 sys
Command exited with non-zero status 1
G-120-10:	0:02.81 real,	0.24 user,	0.03 sys
Command exited with non-zero status 1
G-121-10:	0:02.86 real,	0.24 user,	0.04 sys
Command exited with non-zero status 1
G-122-10:	0:02.82 real,	0.26 user,	0.02 sys
Command exited with non-zero status 1
G-123-10:	0:02.87 real,	0.23 user,	0.04 sys
Command exited with non-zero status 1
G-124-10:	0:02.85 real,	0.25 user,	0.02 sys
Command exited with non-zero status 1
G-125-10:	0:02.95 real,	0.24 user,	0.04 sys
Command exited with non-zero status 1
G-126-10:	0:02.94 real,	0.21 user,	0.06 sys
Command exited with non-zero status 1
G-127-10:	0:02.96 real,	0.23 user,	0.05 sys
Command exited with non-zero status 1
G-128-10:	0:02.89 real,	0.25 user,	0.02 sys
Command exited with non-zero status 1
G-129-10:	0:03.05 real,	0.25 user,	0.03 sys
Command exited with non-zero status 1
G-130-10:	0:02.92 real,	0.20 user,	0.07 sys
Command exited with non-zero status 1
G-131-10:	0:02.97 real,	0.25 user,	0.04 sys
Command exited with non-zero status 1
G-132-10:	0:02.97 real,	0.22 user,	0.06 sys
Command exited with non-zero status 1
G-133-10:	0:02.96 real,	0.24 user,	0.03 sys
Command exited with non-zero status 1
G-134-10:	0:02.94 real,	0.23 user,	0.05 sys
Command exited with non-zero status 1
G-135-10:	0:03.03 real,	0.24 user,	0.04 sys
Command exited with non-zero status 1
G-136-10:	0:02.96 real,	0.22 user,	0.05 sys
Command exited with non-zero status 1
G-137-10:	0:03.06 real,	0.25 user,	0.05 sys
Command exited with non-zero status 1
G-138-10:	0:02.97 real,	0.22 user,	0.05 sys
Command exited with non-zero status 1
G-139-10:	0:03.04 real,	0.23 user,	0.05 sys
Command exited with non-zero status 1
G-140-10:	0:02.96 real,	0.23 user,	0.04 sys
Command exited with non-zero status 1
G-141-10:	0:03.06 real,	0.24 user,	0.03 sys
Command exited with non-zero status 1
G-142-10:	0:03.01 real,	0.24 user,	0.04 sys
Command exited with non-zero status 1
G-143-10:	0:03.63 real,	0.27 user,	0.07 sys
Command exited with non-zero status 1
G-144-10:	0:03.98 real,	0.32 user,	0.09 sys
Command exited with non-zero status 1
G-145-10:	0:03.95 real,	0.36 user,	0.04 sys
Command exited with non-zero status 1
G-146-10:	0:03.91 real,	0.32 user,	0.09 sys
Command exited with non-zero status 1
G-147-10:	0:03.88 real,	0.34 user,	0.06 sys
Command exited with non-zero status 1
G-148-10:	0:03.90 real,	0.33 user,	0.06 sys
Command exited with non-zero status 1
G-149-10:	0:03.86 real,	0.30 user,	0.08 sys
Command exited with non-zero status 1
G-150-10:	0:03.89 real,	0.33 user,	0.07 sys
Command exited with non-zero status 1
G-151-10:	0:03.93 real,	0.32 user,	0.06 sys
H-2-10:	2:47.47 real,	1527.14 user,	48.97 sys
H-3-10:	0:34.30 real,	2.18 user,	1.52 sys
H-4-10:	0:34.61 real,	2.51 user,	1.81 sys
H-5-10:	0:35.06 real,	2.77 user,	2.18 sys
H-6-10:	0:35.35 real,	2.98 user,	2.47 sys
H-7-10:	0:35.64 real,	3.33 user,	2.73 sys
H-8-10:	0:35.99 real,	3.45 user,	3.19 sys
H-9-10:	0:35.95 real,	3.62 user,	3.28 sys
H-10-10:	0:36.63 real,	4.06 user,	3.31 sys
H-11-10:	0:36.84 real,	4.22 user,	3.49 sys
H-12-10:	0:36.70 real,	4.55 user,	3.44 sys
H-13-10:	0:37.44 real,	4.61 user,	3.90 sys
H-14-10:	0:37.54 real,	4.96 user,	4.20 sys
H-15-10:	0:37.96 real,	5.07 user,	4.43 sys
H-16-10:	0:38.04 real,	5.37 user,	4.44 sys
H-17-10:	0:38.21 real,	5.58 user,	4.77 sys
H-18-10:	0:38.58 real,	5.97 user,	4.86 sys
H-19-10:	0:38.77 real,	5.92 user,	5.16 sys
H-20-10:	0:38.98 real,	6.16 user,	5.06 sys
H-21-10:	0:39.39 real,	6.32 user,	5.28 sys
H-22-10:	0:39.52 real,	6.58 user,	5.31 sys
H-23-10:	0:39.71 real,	6.71 user,	5.59 sys
H-24-10:	0:40.26 real,	6.69 user,	5.95 sys
H-25-10:	0:40.68 real,	6.99 user,	6.01 sys
H-26-10:	0:40.67 real,	7.24 user,	6.19 sys
H-27-10:	0:41.23 real,	7.63 user,	6.23 sys
H-28-10:	0:41.38 real,	7.66 user,	6.67 sys
H-29-10:	0:41.54 real,	7.60 user,	7.01 sys
H-30-10:	0:41.92 real,	7.96 user,	7.05 sys
H-31-10:	0:42.14 real,	8.56 user,	7.12 sys
H-32-10:	0:42.49 real,	8.56 user,	7.45 sys
H-33-10:	0:42.70 real,	8.59 user,	7.54 sys
H-34-10:	0:43.00 real,	9.07 user,	7.66 sys
H-35-10:	0:43.22 real,	9.16 user,	7.91 sys
H-36-10:	0:43.45 real,	9.50 user,	8.13 sys
H-37-10:	0:43.67 real,	9.71 user,	8.06 sys
H-38-10:	0:44.08 real,	10.01 user,	8.31 sys
H-39-10:	0:44.26 real,	10.05 user,	8.56 sys
H-40-10:	0:44.67 real,	10.42 user,	8.87 sys
H-41-10:	0:45.07 real,	10.47 user,	9.11 sys
H-42-10:	0:45.24 real,	11.06 user,	8.76 sys
H-43-10:	0:45.61 real,	11.04 user,	9.37 sys
H-44-10:	0:45.96 real,	11.31 user,	9.51 sys
H-45-10:	0:46.15 real,	11.65 user,	9.84 sys
H-46-10:	0:46.32 real,	11.60 user,	9.91 sys
H-47-10:	0:46.69 real,	12.15 user,	9.97 sys
H-48-10:	0:46.83 real,	12.41 user,	10.26 sys
H-49-10:	0:47.31 real,	12.32 user,	10.58 sys
H-50-10:	0:47.48 real,	12.59 user,	10.63 sys
H-51-10:	0:47.78 real,	12.96 user,	10.78 sys
H-52-10:	0:47.99 real,	13.24 user,	11.13 sys
H-53-10:	0:48.25 real,	13.41 user,	11.49 sys
H-54-10:	0:48.47 real,	13.49 user,	11.51 sys
H-55-10:	0:48.80 real,	14.02 user,	11.52 sys
H-56-10:	0:48.91 real,	14.19 user,	11.67 sys
H-57-10:	0:50.11 real,	14.37 user,	12.13 sys
H-58-10:	0:49.98 real,	14.87 user,	12.15 sys
H-59-10:	0:50.14 real,	14.82 user,	12.73 sys
H-60-10:	0:50.46 real,	14.83 user,	12.93 sys
H-61-10:	0:50.42 real,	15.35 user,	12.99 sys
H-62-10:	0:50.72 real,	15.34 user,	13.27 sys
H-63-10:	0:51.05 real,	15.88 user,	13.34 sys
H-64-10:	0:51.65 real,	16.10 user,	13.58 sys
H-65-10:	0:52.16 real,	16.19 user,	13.93 sys
H-66-10:	0:51.94 real,	16.53 user,	14.04 sys
H-67-10:	0:52.23 real,	16.80 user,	14.21 sys
H-68-10:	0:52.58 real,	17.16 user,	14.33 sys
H-69-10:	0:53.23 real,	17.07 user,	14.97 sys
H-70-10:	0:53.85 real,	17.42 user,	15.38 sys
H-71-10:	0:53.96 real,	17.75 user,	15.08 sys
H-72-10:	0:53.85 real,	18.04 user,	15.31 sys
H-73-10:	0:54.37 real,	18.31 user,	15.53 sys
H-74-10:	0:54.65 real,	18.76 user,	15.46 sys
H-75-10:	0:55.06 real,	18.94 user,	15.64 sys
H-76-10:	0:55.30 real,	19.11 user,	15.97 sys
H-77-10:	0:55.68 real,	19.24 user,	16.46 sys
H-78-10:	0:55.79 real,	19.46 user,	16.51 sys
H-79-10:	0:56.92 real,	20.17 user,	16.61 sys
H-80-10:	0:56.34 real,	20.24 user,	16.80 sys
H-81-10:	0:56.79 real,	20.25 user,	17.57 sys
H-82-10:	0:57.27 real,	20.52 user,	17.51 sys
H-83-10:	0:57.79 real,	21.41 user,	17.47 sys
H-84-10:	0:58.11 real,	21.21 user,	18.20 sys
H-85-10:	0:58.10 real,	21.62 user,	18.07 sys
H-86-10:	0:58.74 real,	21.97 user,	18.32 sys
H-87-10:	0:59.21 real,	22.16 user,	18.74 sys
H-88-10:	0:58.80 real,	22.19 user,	18.96 sys
H-89-10:	0:59.55 real,	22.79 user,	18.93 sys
H-90-10:	0:59.21 real,	22.64 user,	19.13 sys
H-91-10:	0:59.97 real,	23.12 user,	19.33 sys
H-92-10:	1:01.22 real,	23.83 user,	19.57 sys
H-93-10:	1:00.90 real,	23.96 user,	19.91 sys
H-94-10:	1:01.01 real,	23.73 user,	20.37 sys
H-95-10:	1:01.66 real,	24.49 user,	20.16 sys
H-96-10:	1:01.48 real,	23.95 user,	21.01 sys
H-97-10:	1:02.41 real,	25.42 user,	20.53 sys
H-98-10:	1:02.28 real,	25.11 user,	20.95 sys
H-99-10:	1:02.86 real,	25.58 user,	21.00 sys
H-100-10:	1:03.16 real,	25.65 user,	21.73 sys
H-101-10:	1:03.49 real,	26.18 user,	21.34 sys
H-102-10:	1:04.26 real,	25.96 user,	21.88 sys
H-103-10:	1:04.53 real,	26.58 user,	22.06 sys
H-104-10:	1:04.23 real,	26.33 user,	22.45 sys
H-105-10:	1:04.21 real,	26.97 user,	22.22 sys
H-106-10:	1:05.24 real,	27.28 user,	22.96 sys
H-107-10:	1:04.92 real,	27.50 user,	22.87 sys
H-108-10:	1:05.35 real,	27.73 user,	23.04 sys
H-109-10:	1:05.56 real,	28.35 user,	23.18 sys
H-110-10:	1:05.96 real,	27.76 user,	23.53 sys
Command exited with non-zero status 1
H-111-10:	2:24.03 real,	1.58 user,	0.54 sys
Command exited with non-zero status 1
H-112-10:	0:03.19 real,	0.24 user,	0.05 sys
Command exited with non-zero status 1
H-113-10:	0:03.16 real,	0.25 user,	0.04 sys
Command exited with non-zero status 1
H-114-10:	0:03.26 real,	0.23 user,	0.06 sys
Command exited with non-zero status 1
H-115-10:	0:03.20 real,	0.23 user,	0.05 sys
Command exited with non-zero status 1
H-116-10:	0:03.30 real,	0.26 user,	0.04 sys
Command exited with non-zero status 1
H-117-10:	0:03.25 real,	0.25 user,	0.03 sys
Command exited with non-zero status 1
H-118-10:	0:03.22 real,	0.25 user,	0.03 sys
Command exited with non-zero status 1
H-119-10:	0:03.22 real,	0.22 user,	0.06 sys
Command exited with non-zero status 1
H-120-10:	0:03.27 real,	0.26 user,	0.04 sys
Command exited with non-zero status 1
H-121-10:	0:03.31 real,	0.26 user,	0.04 sys
Command exited with non-zero status 1
H-122-10:	0:03.31 real,	0.26 user,	0.04 sys
Command exited with non-zero status 1
H-123-10:	0:03.33 real,	0.24 user,	0.05 sys
Command exited with non-zero status 1
H-124-10:	0:03.35 real,	0.23 user,	0.05 sys
Command exited with non-zero status 1
H-125-10:	0:03.25 real,	0.28 user,	0.02 sys
Command exited with non-zero status 1
H-126-10:	0:03.36 real,	0.22 user,	0.07 sys
Command exited with non-zero status 1
H-127-10:	0:03.27 real,	0.26 user,	0.03 sys
Command exited with non-zero status 1
H-128-10:	0:03.31 real,	0.26 user,	0.04 sys
Command exited with non-zero status 1
H-129-10:	0:03.39 real,	0.26 user,	0.03 sys
Command exited with non-zero status 1
H-130-10:	0:03.32 real,	0.24 user,	0.06 sys
Command exited with non-zero status 1
H-131-10:	0:03.36 real,	0.24 user,	0.07 sys
Command exited with non-zero status 1
H-132-10:	0:03.36 real,	0.25 user,	0.05 sys
Command exited with non-zero status 1
H-133-10:	0:03.37 real,	0.23 user,	0.06 sys
Command exited with non-zero status 1
H-134-10:	0:03.41 real,	0.25 user,	0.06 sys
Command exited with non-zero status 1
H-135-10:	0:03.38 real,	0.24 user,	0.06 sys
Command exited with non-zero status 1
H-136-10:	0:03.40 real,	0.26 user,	0.05 sys
Command exited with non-zero status 1
H-137-10:	0:03.38 real,	0.24 user,	0.06 sys
Command exited with non-zero status 1
H-138-10:	0:03.46 real,	0.26 user,	0.05 sys
Command exited with non-zero status 1
H-139-10:	0:03.45 real,	0.22 user,	0.09 sys
Command exited with non-zero status 1
H-140-10:	0:03.45 real,	0.24 user,	0.06 sys
Command exited with non-zero status 1
H-141-10:	0:03.41 real,	0.27 user,	0.04 sys
Command exited with non-zero status 1
H-142-10:	0:03.43 real,	0.25 user,	0.05 sys
Command exited with non-zero status 1
H-143-10:	0:03.49 real,	0.25 user,	0.06 sys
Command exited with non-zero status 1
H-144-10:	0:03.48 real,	0.25 user,	0.06 sys
Command exited with non-zero status 1
H-145-10:	0:03.47 real,	0.25 user,	0.06 sys
Command exited with non-zero status 1
H-146-10:	0:03.48 real,	0.28 user,	0.04 sys
Command exited with non-zero status 1
H-147-10:	0:03.45 real,	0.25 user,	0.07 sys
Command exited with non-zero status 1
H-148-10:	0:03.50 real,	0.23 user,	0.07 sys
Command exited with non-zero status 1
H-149-10:	0:03.54 real,	0.27 user,	0.06 sys
Command exited with non-zero status 1
H-150-10:	0:03.56 real,	0.24 user,	0.07 sys
Command exited with non-zero status 1
H-151-10:	0:03.55 real,	0.27 user,	0.04 sys
Command exited with non-zero status 1
G-90-10:	2:08.80 real,	699.16 user,	42.86 sys
Command terminated by signal 2
G-91-10:	0:32.99 real,	1.32 user,	0.58 sys
Command terminated by signal 2
G-92-10:	0:01.99 real,	0.20 user,	0.03 sys
Command terminated by signal 2
G-93-10:	0:00.46 real,	0.12 user,	0.01 sys
Command terminated by signal 2
G-94-10:	0:00.19 real,	0.10 user,	0.01 sys
Command terminated by signal 2
G-95-10:	0:00.16 real,	0.11 user,	0.00 sys
Command terminated by signal 2
G-96-10:	0:00.15 real,	0.10 user,	0.00 sys
Command terminated by signal 2
G-97-10:	0:00.15 real,	0.09 user,	0.02 sys
Command terminated by signal 2
G-98-10:	0:00.36 real,	0.10 user,	0.02 sys
Command terminated by signal 2
G-99-10:	0:00.17 real,	0.10 user,	0.01 sys
Command terminated by signal 2
G-100-10:	0:00.15 real,	0.11 user,	0.00 sys
Command terminated by signal 2
G-101-10:	0:00.16 real,	0.10 user,	0.01 sys
Command terminated by signal 2
G-102-10:	0:00.14 real,	0.10 user,	0.00 sys
Command terminated by signal 2
G-103-10:	0:00.17 real,	0.10 user,	0.01 sys
Command terminated by signal 2
G-104-10:	0:00.16 real,	0.09 user,	0.01 sys
Command terminated by signal 2
G-105-10:	0:00.16 real,	0.10 user,	0.01 sys
Command terminated by signal 2
G-106-10:	0:00.16 real,	0.10 user,	0.01 sys
Command terminated by signal 2
G-107-10:	0:00.15 real,	0.11 user,	0.00 sys
Command terminated by signal 2
G-108-10:	0:00.17 real,	0.10 user,	0.02 sys
Command terminated by signal 2
G-109-10:	0:00.15 real,	0.10 user,	0.01 sys
Command terminated by signal 2
G-110-10:	0:00.16 real,	0.09 user,	0.02 sys
Command terminated by signal 2
G-111-10:	0:00.16 real,	0.10 user,	0.01 sys
Command terminated by signal 2
G-112-10:	0:00.17 real,	0.11 user,	0.00 sys
Command terminated by signal 2
G-113-10:	0:00.17 real,	0.10 user,	0.01 sys
Command terminated by signal 2
G-114-10:	0:00.16 real,	0.11 user,	0.00 sys
Command terminated by signal 2
G-115-10:	0:00.16 real,	0.10 user,	0.01 sys
Command terminated by signal 2
G-116-10:	0:00.49 real,	0.11 user,	0.02 sys
Command terminated by signal 2
G-117-10:	0:00.00 real,	0.00 user,	0.00 sys
Command terminated by signal 2
G-118-10:	0:00.04 real,	0.02 user,	0.00 sys
Command terminated by signal 2
G-119-10:	0:00.01 real,	0.01 user,	0.00 sys
Command terminated by signal 2
G-120-10:	0:00.03 real,	0.01 user,	0.01 sys
Command terminated by signal 2
G-121-10:	0:00.02 real,	0.02 user,	0.00 sys
Command terminated by signal 2
G-122-10:	0:00.02 real,	0.02 user,	0.00 sys
Command terminated by signal 2
G-123-10:	0:00.02 real,	0.01 user,	0.00 sys
Command terminated by signal 2
G-124-10:	0:00.03 real,	0.02 user,	0.00 sys
Command terminated by signal 2
G-125-10:	0:00.02 real,	0.02 user,	0.00 sys
Command terminated by signal 2
G-126-10:	0:00.02 real,	0.02 user,	0.00 sys
Command terminated by signal 2
G-127-10:	0:00.02 real,	0.02 user,	0.00 sys
Command terminated by signal 2
G-128-10:	0:00.02 real,	0.02 user,	0.00 sys
Command terminated by signal 2
G-129-10:	0:00.02 real,	0.01 user,	0.00 sys
Command terminated by signal 2
G-130-10:	0:00.02 real,	0.02 user,	0.00 sys
Command terminated by signal 2
G-131-10:	0:00.02 real,	0.01 user,	0.01 sys
Command terminated by signal 2
G-132-10:	0:00.02 real,	0.02 user,	0.00 sys
Command terminated by signal 2
G-133-10:	0:00.02 real,	0.02 user,	0.00 sys
Command terminated by signal 2
G-134-10:	0:00.02 real,	0.02 user,	0.00 sys
Command terminated by signal 2
G-135-10:	0:00.02 real,	0.02 user,	0.00 sys
Command terminated by signal 2
G-136-10:	0:00.02 real,	0.02 user,	0.00 sys
Command terminated by signal 2
G-137-10:	0:00.03 real,	0.01 user,	0.01 sys
Command terminated by signal 2
G-138-10:	0:00.02 real,	0.02 user,	0.00 sys
Command terminated by signal 2
G-139-10:	0:00.02 real,	0.02 user,	0.00 sys
Command terminated by signal 2
G-140-10:	0:00.02 real,	0.02 user,	0.00 sys
Command terminated by signal 2
G-141-10:	0:00.02 real,	0.02 user,	0.00 sys
Command terminated by signal 2
G-142-10:	0:00.02 real,	0.02 user,	0.00 sys
Command terminated by signal 2
G-143-10:	0:00.02 real,	0.02 user,	0.00 sys
Command terminated by signal 2
G-144-10:	0:00.03 real,	0.02 user,	0.00 sys
Command terminated by signal 2
G-145-10:	0:00.02 real,	0.02 user,	0.00 sys
Command terminated by signal 2
G-146-10:	0:00.02 real,	0.02 user,	0.00 sys
Command terminated by signal 2
G-147-10:	0:00.02 real,	0.02 user,	0.00 sys
Command terminated by signal 2
G-148-10:	0:00.02 real,	0.02 user,	0.00 sys
Command terminated by signal 2
G-149-10:	0:00.02 real,	0.02 user,	0.00 sys
Command terminated by signal 2
G-150-10:	0:00.02 real,	0.02 user,	0.00 sys
Command terminated by signal 2
G-151-10:	0:00.02 real,	0.02 user,	0.00 sys
G-91-10:	0:59.70 real,	20.98 user,	19.64 sys
G-92-10:	1:00.19 real,	21.62 user,	19.87 sys
G-93-10:	1:00.37 real,	22.19 user,	19.55 sys
G-94-10:	1:01.01 real,	21.77 user,	20.37 sys
G-95-10:	1:00.90 real,	22.27 user,	20.56 sys
G-96-10:	1:01.32 real,	22.78 user,	20.41 sys
G-97-10:	1:02.48 real,	23.23 user,	20.79 sys
G-98-10:	1:02.29 real,	22.73 user,	21.55 sys
G-99-10:	1:03.04 real,	23.65 user,	21.29 sys
G-100-10:	1:02.42 real,	23.63 user,	21.48 sys
G-101-10:	1:02.97 real,	23.80 user,	21.98 sys
G-102-10:	1:04.41 real,	24.42 user,	22.20 sys
G-103-10:	1:04.27 real,	24.24 user,	22.33 sys
G-104-10:	1:03.90 real,	24.69 user,	22.51 sys
Command exited with non-zero status 1
G-105-10:	2:08.72 real,	1.40 user,	0.53 sys
G-106-10:	1:03.59 real,	24.98 user,	22.79 sys
G-107-10:	1:04.77 real,	25.61 user,	22.92 sys
G-108-10:	1:05.05 real,	25.56 user,	23.38 sys
G-109-10:	1:05.84 real,	25.68 user,	24.01 sys
G-110-10:	1:05.95 real,	26.37 user,	23.52 sys
G-111-10:	1:07.16 real,	26.81 user,	23.90 sys
G-112-10:	1:07.04 real,	27.16 user,	24.03 sys
G-113-10:	1:07.15 real,	27.43 user,	24.12 sys
G-114-10:	1:07.73 real,	27.28 user,	24.66 sys
G-115-10:	1:07.43 real,	27.07 user,	25.22 sys
G-116-10:	1:07.71 real,	28.09 user,	24.74 sys
G-117-10:	1:08.80 real,	27.94 user,	25.38 sys
G-118-10:	1:09.50 real,	28.61 user,	25.97 sys
G-119-10:	1:09.43 real,	28.72 user,	25.83 sys
G-120-10:	1:10.31 real,	29.62 user,	25.62 sys
G-121-10:	1:09.78 real,	28.92 user,	26.56 sys
G-122-10:	1:10.17 real,	29.53 user,	26.64 sys
G-123-10:	1:10.60 real,	29.12 user,	27.58 sys
G-124-10:	1:10.56 real,	29.46 user,	27.04 sys
G-125-10:	1:11.13 real,	30.45 user,	27.15 sys
G-126-10:	1:11.58 real,	30.71 user,	27.25 sys
G-127-10:	1:11.79 real,	31.19 user,	27.24 sys
G-128-10:	1:12.23 real,	30.99 user,	27.89 sys
G-129-10:	1:12.20 real,	31.14 user,	28.14 sys
G-130-10:	1:12.62 real,	31.21 user,	28.75 sys
G-131-10:	1:12.65 real,	31.57 user,	28.43 sys
G-132-10:	1:13.81 real,	32.22 user,	28.61 sys
G-133-10:	1:13.80 real,	32.21 user,	29.31 sys
G-134-10:	1:14.50 real,	32.65 user,	29.42 sys
G-135-10:	1:14.96 real,	33.41 user,	29.35 sys
G-136-10:	1:15.40 real,	33.14 user,	29.85 sys
G-137-10:	1:15.45 real,	33.21 user,	30.00 sys
G-138-10:	1:15.88 real,	33.08 user,	30.53 sys
G-139-10:	1:15.79 real,	33.40 user,	30.82 sys
G-140-10:	1:16.39 real,	34.17 user,	30.36 sys
G-141-10:	1:16.37 real,	34.57 user,	30.73 sys
G-142-10:	1:17.02 real,	34.87 user,	31.10 sys
G-143-10:	1:17.55 real,	34.54 user,	31.39 sys
G-144-10:	1:17.53 real,	35.35 user,	31.81 sys
G-145-10:	1:17.59 real,	35.42 user,	31.88 sys
G-146-10:	1:17.91 real,	35.60 user,	32.04 sys
G-147-10:	1:18.35 real,	36.65 user,	31.69 sys
G-148-10:	1:18.54 real,	36.31 user,	32.48 sys
G-149-10:	1:19.40 real,	37.03 user,	32.35 sys
G-150-10:	1:19.60 real,	36.61 user,	33.35 sys
G-151-10:	1:19.09 real,	36.84 user,	32.92 sys
H-111-10:	2:16.53 real,	714.01 user,	47.38 sys
H-112-10:	1:06.55 real,	28.73 user,	24.08 sys
H-113-10:	1:06.82 real,	28.94 user,	24.66 sys
H-114-10:	1:07.87 real,	29.73 user,	24.21 sys
H-115-10:	1:08.51 real,	29.87 user,	24.96 sys
H-116-10:	1:08.13 real,	30.35 user,	24.57 sys
H-117-10:	1:08.42 real,	30.18 user,	25.23 sys
H-118-10:	1:09.21 real,	30.68 user,	25.57 sys
H-119-10:	1:09.11 real,	31.13 user,	25.52 sys
H-120-10:	1:09.28 real,	31.44 user,	25.33 sys
H-121-10:	1:10.32 real,	31.38 user,	26.26 sys
H-122-10:	1:10.80 real,	31.43 user,	26.35 sys
H-123-10:	1:10.82 real,	31.71 user,	26.43 sys
H-124-10:	1:10.99 real,	32.48 user,	26.90 sys
H-125-10:	1:10.77 real,	32.27 user,	27.03 sys
H-126-10:	1:11.63 real,	32.68 user,	27.73 sys
H-127-10:	1:11.44 real,	33.31 user,	27.00 sys
H-128-10:	1:12.51 real,	33.25 user,	27.88 sys
H-129-10:	1:13.10 real,	33.61 user,	28.15 sys
H-130-10:	1:13.36 real,	34.43 user,	27.41 sys
H-131-10:	1:13.19 real,	34.20 user,	28.33 sys
H-132-10:	1:13.59 real,	34.50 user,	28.58 sys
H-133-10:	1:14.66 real,	35.71 user,	28.87 sys
H-134-10:	1:14.21 real,	34.93 user,	29.00 sys
H-135-10:	1:14.55 real,	35.23 user,	29.52 sys
H-136-10:	1:15.01 real,	35.70 user,	29.64 sys
H-137-10:	1:14.95 real,	36.33 user,	29.56 sys
H-138-10:	1:15.05 real,	35.62 user,	29.93 sys
H-139-10:	1:16.35 real,	36.41 user,	30.04 sys
H-140-10:	1:16.00 real,	36.36 user,	30.56 sys
H-141-10:	1:16.41 real,	37.33 user,	29.94 sys
H-142-10:	1:16.27 real,	37.49 user,	30.57 sys
H-143-10:	1:17.10 real,	37.98 user,	30.36 sys
H-144-10:	1:17.88 real,	38.15 user,	31.41 sys
H-145-10:	1:17.74 real,	38.30 user,	31.38 sys
H-146-10:	1:18.37 real,	38.60 user,	31.73 sys
H-147-10:	1:18.78 real,	39.23 user,	32.05 sys
H-148-10:	1:18.54 real,	38.47 user,	32.42 sys
H-149-10:	1:19.50 real,	39.35 user,	32.42 sys
H-150-10:	1:19.51 real,	39.91 user,	32.53 sys
H-151-10:	1:20.05 real,	39.87 user,	33.13 sys
G-104-10:	2:13.38 real,	697.35 user,	45.75 sys
G-105-10:	1:04.01 real,	24.58 user,	22.67 sys
G-2-40:	2:11.23 real,	4.94 user,	3.67 sys
G-3-40:	2:12.65 real,	5.83 user,	4.78 sys
G-4-40:	2:13.66 real,	6.72 user,	6.10 sys
G-5-40:	2:13.98 real,	7.61 user,	7.25 sys
G-6-40:	2:14.97 real,	8.49 user,	8.46 sys
G-7-40:	2:15.54 real,	9.12 user,	9.94 sys
G-8-40:	2:16.42 real,	10.00 user,	10.72 sys
G-9-40:	2:16.99 real,	10.85 user,	11.49 sys
G-10-40:	2:17.93 real,	11.99 user,	11.91 sys
G-11-40:	2:18.57 real,	12.82 user,	12.25 sys
G-12-40:	2:18.99 real,	12.94 user,	13.50 sys
G-13-40:	2:19.56 real,	13.93 user,	13.52 sys
G-14-40:	2:20.58 real,	14.66 user,	14.75 sys
G-15-40:	2:20.95 real,	15.18 user,	15.29 sys
G-16-40:	2:21.92 real,	16.13 user,	15.83 sys
G-17-40:	2:22.08 real,	16.70 user,	16.35 sys
G-18-40:	2:22.62 real,	17.56 user,	17.07 sys
G-19-40:	2:23.52 real,	18.12 user,	18.13 sys
G-20-40:	2:23.97 real,	18.66 user,	18.83 sys
G-21-40:	2:25.06 real,	19.42 user,	19.55 sys
G-22-40:	2:25.20 real,	19.81 user,	19.95 sys
G-23-40:	2:26.26 real,	20.93 user,	20.43 sys
G-24-40:	2:27.65 real,	21.45 user,	21.45 sys
G-25-40:	2:27.78 real,	21.81 user,	21.82 sys
G-26-40:	2:28.39 real,	22.69 user,	22.49 sys
G-27-40:	2:28.81 real,	23.33 user,	23.16 sys
G-28-40:	2:29.52 real,	23.75 user,	23.56 sys
G-29-40:	2:30.11 real,	24.43 user,	24.56 sys
G-30-40:	2:30.87 real,	24.84 user,	25.13 sys
G-31-40:	2:31.96 real,	26.15 user,	25.34 sys
G-32-40:	2:32.64 real,	26.79 user,	26.17 sys
G-33-40:	2:33.04 real,	26.98 user,	27.45 sys
G-34-40:	2:34.03 real,	27.86 user,	28.03 sys
G-35-40:	2:34.28 real,	28.71 user,	28.15 sys
G-36-40:	2:35.05 real,	29.13 user,	28.97 sys
G-37-40:	2:35.93 real,	30.14 user,	29.57 sys
G-38-40:	2:36.45 real,	30.62 user,	30.85 sys
G-39-40:	2:37.61 real,	31.39 user,	31.14 sys
G-40-40:	2:38.05 real,	32.52 user,	31.53 sys
G-41-40:	2:38.78 real,	33.00 user,	32.50 sys
G-42-40:	2:39.56 real,	33.79 user,	33.35 sys
G-43-40:	2:40.02 real,	34.33 user,	33.92 sys
G-44-40:	2:40.10 real,	35.79 user,	33.68 sys
G-45-40:	2:41.41 real,	36.00 user,	35.14 sys
G-46-40:	2:42.10 real,	36.99 user,	36.06 sys
G-47-40:	2:42.87 real,	37.35 user,	36.99 sys
G-48-40:	2:42.99 real,	38.07 user,	37.87 sys
G-49-40:	2:43.70 real,	38.74 user,	38.64 sys
G-50-40:	2:45.24 real,	40.08 user,	38.94 sys
G-51-40:	2:45.16 real,	40.47 user,	40.13 sys
G-52-40:	2:47.25 real,	41.76 user,	40.35 sys
G-53-40:	2:47.52 real,	42.56 user,	41.34 sys
G-54-40:	2:48.37 real,	43.16 user,	42.58 sys
G-55-40:	2:48.99 real,	43.74 user,	43.22 sys
G-56-40:	2:49.88 real,	44.28 user,	44.12 sys
G-57-40:	2:49.83 real,	45.09 user,	44.66 sys
G-58-40:	2:51.05 real,	46.65 user,	45.28 sys
G-59-40:	2:52.26 real,	46.99 user,	46.38 sys
G-60-40:	2:51.99 real,	47.83 user,	46.94 sys
G-61-40:	2:54.30 real,	49.04 user,	47.77 sys
G-62-40:	2:54.32 real,	49.20 user,	48.89 sys
G-63-40:	2:55.32 real,	50.23 user,	49.49 sys
G-64-40:	2:55.66 real,	51.33 user,	49.91 sys
G-65-40:	2:56.53 real,	51.88 user,	50.87 sys
G-66-40:	2:56.54 real,	52.63 user,	51.52 sys
G-67-40:	2:58.32 real,	53.71 user,	52.44 sys
G-68-40:	2:58.24 real,	54.31 user,	52.54 sys
G-69-40:	2:59.59 real,	55.23 user,	53.62 sys
G-70-40:	3:00.51 real,	56.03 user,	55.10 sys
G-71-40:	3:01.62 real,	57.20 user,	55.28 sys
G-72-40:	3:01.86 real,	57.84 user,	56.00 sys
G-73-40:	3:02.97 real,	58.69 user,	56.83 sys
G-74-40:	3:03.80 real,	59.66 user,	58.48 sys
G-75-40:	3:04.51 real,	60.57 user,	58.81 sys
G-76-40:	3:04.81 real,	60.74 user,	59.93 sys
G-77-40:	3:05.75 real,	62.44 user,	59.59 sys
G-78-40:	3:07.45 real,	62.58 user,	61.39 sys
G-79-40:	3:07.81 real,	64.24 user,	61.31 sys
G-80-40:	3:08.19 real,	64.78 user,	62.70 sys
G-81-40:	3:09.25 real,	65.73 user,	63.23 sys
G-82-40:	3:09.95 real,	66.63 user,	64.20 sys
G-83-40:	3:10.88 real,	67.41 user,	65.05 sys
G-84-40:	3:11.59 real,	68.93 user,	65.37 sys
G-85-40:	3:12.18 real,	69.03 user,	66.47 sys
G-86-40:	3:13.83 real,	70.05 user,	67.63 sys
G-87-40:	3:15.31 real,	71.70 user,	68.05 sys
G-88-40:	3:16.34 real,	72.18 user,	69.41 sys
G-89-40:	3:16.85 real,	73.16 user,	69.86 sys
G-90-40:	3:16.82 real,	73.40 user,	70.73 sys
G-91-40:	3:17.38 real,	74.43 user,	71.59 sys
G-92-40:	3:18.60 real,	76.35 user,	71.69 sys
G-93-40:	3:19.09 real,	76.99 user,	72.30 sys
G-94-40:	3:20.82 real,	77.36 user,	74.61 sys
G-95-40:	3:22.12 real,	79.10 user,	74.79 sys
G-96-40:	3:21.21 real,	79.15 user,	75.27 sys
G-97-40:	3:22.68 real,	80.24 user,	76.64 sys
G-98-40:	3:23.90 real,	81.73 user,	77.04 sys
G-99-40:	3:24.22 real,	81.62 user,	78.60 sys
G-100-40:	3:24.69 real,	83.29 user,	78.14 sys
G-101-40:	3:27.10 real,	83.33 user,	80.85 sys
G-102-40:	3:26.88 real,	84.62 user,	80.47 sys
G-103-40:	3:28.37 real,	85.28 user,	82.54 sys
G-104-40:	3:29.05 real,	86.88 user,	82.12 sys
G-105-40:	3:30.16 real,	87.69 user,	83.14 sys
G-106-40:	3:30.89 real,	88.67 user,	84.16 sys
G-107-40:	3:31.49 real,	89.24 user,	84.78 sys
G-108-40:	3:32.65 real,	90.70 user,	85.52 sys
G-109-40:	3:33.53 real,	90.97 user,	86.63 sys
G-110-40:	3:34.00 real,	91.48 user,	87.95 sys
G-111-40:	3:35.14 real,	92.51 user,	88.76 sys
G-112-40:	3:35.09 real,	94.13 user,	88.60 sys
G-113-40:	3:37.29 real,	95.21 user,	90.00 sys
G-114-40:	3:38.44 real,	96.54 user,	90.25 sys
G-115-40:	3:38.55 real,	97.93 user,	90.78 sys
G-116-40:	3:40.51 real,	97.45 user,	92.73 sys
G-117-40:	3:40.09 real,	98.34 user,	93.82 sys
G-118-40:	3:40.90 real,	99.89 user,	94.15 sys
G-119-40:	3:43.45 real,	101.00 user,	94.91 sys
G-120-40:	3:42.74 real,	102.54 user,	95.61 sys
Command exited with non-zero status 1
G-121-40:	5:09.00 real,	2.90 user,	1.30 sys
G-122-40:	3:42.98 real,	104.07 user,	97.14 sys
G-123-40:	3:44.57 real,	105.15 user,	97.95 sys
G-124-40:	3:46.30 real,	106.01 user,	98.95 sys
G-125-40:	3:48.26 real,	106.46 user,	100.02 sys
G-126-40:	3:47.52 real,	107.92 user,	100.46 sys
G-127-40:	3:50.95 real,	110.05 user,	101.36 sys
G-128-40:	3:49.77 real,	109.29 user,	102.48 sys
G-129-40:	3:50.85 real,	110.96 user,	102.79 sys
G-130-40:	3:51.19 real,	110.30 user,	104.38 sys
G-131-40:	3:52.58 real,	112.80 user,	104.21 sys
G-132-40:	3:52.86 real,	113.71 user,	104.88 sys
G-133-40:	3:53.96 real,	113.66 user,	106.60 sys
G-134-40:	3:55.64 real,	115.73 user,	107.03 sys
G-135-40:	3:57.41 real,	116.53 user,	108.09 sys
Command exited with non-zero status 1
G-136-40:	4:09.90 real,	2.55 user,	0.94 sys
G-137-40:	3:56.10 real,	117.98 user,	108.93 sys
G-138-40:	3:58.76 real,	118.91 user,	110.47 sys
G-139-40:	4:00.15 real,	119.97 user,	111.40 sys
G-140-40:	4:01.11 real,	121.87 user,	111.85 sys
G-141-40:	4:00.72 real,	120.94 user,	113.61 sys
G-142-40:	4:03.46 real,	124.17 user,	112.98 sys
G-143-40:	4:04.80 real,	123.72 user,	115.48 sys
G-144-40:	4:04.13 real,	124.79 user,	116.14 sys
G-145-40:	4:06.34 real,	125.48 user,	117.48 sys
G-146-40:	4:07.00 real,	127.47 user,	117.57 sys
G-147-40:	4:07.43 real,	128.13 user,	118.74 sys
G-148-40:	4:10.12 real,	129.85 user,	119.86 sys
G-149-40:	4:08.96 real,	130.86 user,	119.84 sys
G-150-40:	4:09.99 real,	131.54 user,	120.95 sys
G-151-40:	4:11.39 real,	131.75 user,	122.14 sys
H-2-40:	3:37.63 real,	841.66 user,	31.66 sys
H-3-40:	2:12.51 real,	5.93 user,	4.83 sys
H-4-40:	2:13.45 real,	7.11 user,	5.95 sys
H-5-40:	2:14.14 real,	7.97 user,	7.21 sys
H-6-40:	2:14.97 real,	8.82 user,	8.54 sys
H-7-40:	2:16.03 real,	9.76 user,	9.69 sys
H-8-40:	2:16.56 real,	10.57 user,	10.94 sys
H-9-40:	2:17.20 real,	11.69 user,	11.47 sys
H-10-40:	2:17.81 real,	12.38 user,	12.00 sys
H-11-40:	2:18.69 real,	13.17 user,	12.61 sys
H-12-40:	2:19.36 real,	13.75 user,	13.10 sys
H-13-40:	2:19.40 real,	14.53 user,	13.75 sys
H-14-40:	2:20.44 real,	15.67 user,	14.33 sys
H-15-40:	2:21.16 real,	16.55 user,	14.90 sys
H-16-40:	2:21.40 real,	17.05 user,	15.45 sys
H-17-40:	2:22.29 real,	17.88 user,	16.77 sys
H-18-40:	2:22.88 real,	18.18 user,	17.22 sys
H-19-40:	2:23.51 real,	19.31 user,	17.94 sys
H-20-40:	2:24.28 real,	20.08 user,	18.30 sys
H-21-40:	2:24.78 real,	20.25 user,	19.09 sys
H-22-40:	2:25.44 real,	21.55 user,	19.45 sys
H-23-40:	2:26.23 real,	21.53 user,	20.43 sys
H-24-40:	2:26.83 real,	22.29 user,	21.54 sys
H-25-40:	2:27.94 real,	23.19 user,	21.95 sys
H-26-40:	2:27.85 real,	23.97 user,	22.40 sys
H-27-40:	2:28.83 real,	24.89 user,	22.59 sys
H-28-40:	2:29.45 real,	25.00 user,	23.98 sys
H-29-40:	2:30.49 real,	26.23 user,	24.60 sys
H-30-40:	2:31.05 real,	26.96 user,	24.78 sys
H-31-40:	2:32.01 real,	27.94 user,	25.61 sys
H-32-40:	2:32.19 real,	28.83 user,	26.05 sys
H-33-40:	2:32.89 real,	29.07 user,	27.45 sys
H-34-40:	2:33.37 real,	29.56 user,	27.77 sys
H-35-40:	2:34.08 real,	30.76 user,	28.08 sys
H-36-40:	2:35.03 real,	31.41 user,	29.52 sys
H-37-40:	2:36.89 real,	32.70 user,	29.78 sys
H-38-40:	2:36.82 real,	33.00 user,	30.92 sys
H-39-40:	2:37.16 real,	34.09 user,	31.01 sys
H-40-40:	2:37.74 real,	34.46 user,	32.16 sys
H-41-40:	2:38.58 real,	35.83 user,	32.47 sys
H-42-40:	2:39.84 real,	36.50 user,	33.60 sys
H-43-40:	2:40.27 real,	37.07 user,	34.25 sys
H-44-40:	2:40.58 real,	38.15 user,	34.73 sys
H-45-40:	2:41.53 real,	38.81 user,	35.37 sys
H-46-40:	2:41.95 real,	39.84 user,	36.22 sys
H-47-40:	2:42.79 real,	40.65 user,	36.98 sys
H-48-40:	2:43.83 real,	41.63 user,	37.56 sys
H-49-40:	2:44.64 real,	42.79 user,	38.21 sys
H-50-40:	2:44.93 real,	43.14 user,	39.04 sys
H-51-40:	2:46.29 real,	44.11 user,	40.43 sys
H-52-40:	2:46.67 real,	44.66 user,	41.05 sys
H-53-40:	2:47.43 real,	45.88 user,	41.94 sys
H-54-40:	2:48.15 real,	46.80 user,	42.54 sys
H-55-40:	2:48.59 real,	47.32 user,	43.16 sys
H-56-40:	2:50.01 real,	48.75 user,	43.67 sys
H-57-40:	2:50.23 real,	48.83 user,	44.53 sys
H-58-40:	2:51.15 real,	49.95 user,	45.56 sys
H-59-40:	2:52.33 real,	51.07 user,	46.46 sys
H-60-40:	2:52.77 real,	52.10 user,	46.84 sys
H-61-40:	2:53.24 real,	52.97 user,	47.53 sys
H-62-40:	2:53.90 real,	53.41 user,	48.55 sys
H-63-40:	2:54.70 real,	54.14 user,	49.18 sys
H-64-40:	2:56.12 real,	56.18 user,	49.99 sys
H-65-40:	2:57.64 real,	56.94 user,	50.83 sys
H-66-40:	2:58.24 real,	57.80 user,	51.21 sys
H-67-40:	2:59.09 real,	58.10 user,	52.35 sys
H-68-40:	2:59.25 real,	59.40 user,	52.67 sys
H-69-40:	2:59.58 real,	59.72 user,	54.31 sys
H-70-40:	3:00.31 real,	60.88 user,	54.83 sys
H-71-40:	3:02.03 real,	62.01 user,	55.26 sys
H-72-40:	3:02.47 real,	63.14 user,	56.14 sys
H-73-40:	3:03.69 real,	63.57 user,	56.80 sys
H-74-40:	3:03.47 real,	64.99 user,	57.69 sys
H-75-40:	3:05.29 real,	66.40 user,	58.51 sys
H-76-40:	3:05.16 real,	66.54 user,	59.07 sys
H-77-40:	3:06.10 real,	68.02 user,	59.42 sys
H-78-40:	3:07.06 real,	68.47 user,	61.17 sys
H-79-40:	3:09.24 real,	69.84 user,	61.90 sys
H-80-40:	3:09.54 real,	70.42 user,	63.00 sys
H-81-40:	3:09.31 real,	71.37 user,	63.03 sys
H-82-40:	3:10.58 real,	72.36 user,	63.82 sys
H-83-40:	3:11.78 real,	73.59 user,	65.26 sys
H-84-40:	3:11.65 real,	73.70 user,	65.52 sys
H-85-40:	3:13.84 real,	75.18 user,	66.67 sys
H-86-40:	3:14.24 real,	76.09 user,	67.80 sys
H-87-40:	3:15.06 real,	78.08 user,	67.49 sys
H-88-40:	3:16.08 real,	78.14 user,	68.86 sys
H-89-40:	3:16.27 real,	78.88 user,	70.04 sys
H-90-40:	3:16.36 real,	80.23 user,	70.21 sys
H-91-40:	3:19.83 real,	81.44 user,	71.57 sys
H-92-40:	3:19.84 real,	82.28 user,	72.55 sys
H-93-40:	3:20.05 real,	83.45 user,	72.57 sys
H-94-40:	3:20.51 real,	84.36 user,	73.73 sys
H-95-40:	3:22.37 real,	85.21 user,	74.51 sys
H-96-40:	3:23.24 real,	85.91 user,	75.96 sys
H-97-40:	3:23.41 real,	87.71 user,	76.44 sys
H-98-40:	3:25.27 real,	88.62 user,	77.12 sys
H-99-40:	3:25.47 real,	89.71 user,	77.72 sys
H-100-40:	3:25.41 real,	90.02 user,	78.67 sys
H-101-40:	3:26.48 real,	90.96 user,	79.79 sys
H-102-40:	3:28.64 real,	91.95 user,	80.83 sys
H-103-40:	3:29.38 real,	93.66 user,	80.60 sys
H-104-40:	3:29.53 real,	94.05 user,	82.28 sys
H-105-40:	3:30.64 real,	95.28 user,	82.41 sys
H-106-40:	3:31.18 real,	95.97 user,	83.70 sys
H-107-40:	3:33.36 real,	97.27 user,	85.17 sys
Command exited with non-zero status 1
H-108-40:	2:58.40 real,	1.85 user,	0.65 sys
H-109-40:	3:34.40 real,	99.27 user,	86.40 sys
H-110-40:	3:34.53 real,	99.77 user,	87.40 sys
H-111-40:	3:36.99 real,	101.04 user,	88.35 sys
H-112-40:	3:36.96 real,	102.38 user,	88.57 sys
H-113-40:	3:37.09 real,	102.78 user,	89.49 sys
H-114-40:	3:38.61 real,	103.92 user,	90.38 sys
H-115-40:	3:39.75 real,	105.36 user,	91.10 sys
H-116-40:	3:39.96 real,	106.33 user,	91.86 sys
H-117-40:	3:42.08 real,	108.09 user,	94.09 sys
H-118-40:	3:43.46 real,	108.87 user,	94.27 sys
H-119-40:	3:43.21 real,	110.60 user,	94.13 sys
H-120-40:	3:43.80 real,	110.54 user,	95.37 sys
H-121-40:	3:45.64 real,	110.84 user,	97.38 sys
H-122-40:	3:45.16 real,	112.91 user,	97.01 sys
H-123-40:	3:46.41 real,	114.50 user,	97.37 sys
H-124-40:	3:46.83 real,	114.51 user,	98.64 sys
H-125-40:	3:48.93 real,	116.27 user,	99.12 sys
H-126-40:	3:50.24 real,	117.68 user,	100.37 sys
H-127-40:	3:50.13 real,	117.82 user,	101.07 sys
H-128-40:	3:51.56 real,	118.77 user,	101.95 sys
H-129-40:	3:52.81 real,	121.20 user,	102.53 sys
H-130-40:	3:53.21 real,	121.27 user,	103.59 sys
H-131-40:	3:54.17 real,	122.23 user,	104.59 sys
H-132-40:	3:54.77 real,	123.40 user,	105.12 sys
H-133-40:	3:55.53 real,	123.60 user,	106.53 sys
H-134-40:	3:58.65 real,	126.20 user,	107.37 sys
H-135-40:	3:58.88 real,	125.98 user,	107.87 sys
H-136-40:	3:58.21 real,	126.42 user,	109.52 sys
H-137-40:	3:59.70 real,	128.57 user,	109.42 sys
H-138-40:	4:03.32 real,	130.57 user,	111.18 sys
H-139-40:	4:01.54 real,	130.27 user,	111.63 sys
H-140-40:	4:02.12 real,	132.29 user,	111.11 sys
H-141-40:	4:03.13 real,	132.85 user,	112.41 sys
H-142-40:	4:04.18 real,	134.19 user,	113.59 sys
H-143-40:	4:05.86 real,	135.31 user,	115.03 sys
H-144-40:	4:06.34 real,	135.82 user,	115.69 sys
H-145-40:	4:06.39 real,	136.98 user,	116.60 sys
H-146-40:	4:08.87 real,	138.15 user,	117.58 sys
H-147-40:	4:10.05 real,	139.04 user,	119.34 sys
H-148-40:	4:09.50 real,	140.14 user,	119.45 sys
H-149-40:	4:10.22 real,	142.00 user,	119.53 sys
H-150-40:	4:12.13 real,	143.70 user,	120.91 sys
H-151-40:	4:13.54 real,	143.80 user,	122.50 sys
A-2-50:	2:32.79 real,	1.81 user,	0.49 sys
B-2-50:	3:26.25 real,	406.90 user,	26.61 sys
C-2-50:	3:24.79 real,	400.47 user,	25.69 sys
D-2-50:	3:27.22 real,	408.23 user,	27.37 sys
E-2-50:	3:25.23 real,	402.97 user,	26.07 sys
F-2-50:	3:25.91 real,	406.10 user,	26.48 sys
G-2-50:	3:28.48 real,	411.89 user,	26.84 sys
H-2-50:	3:28.67 real,	411.18 user,	26.72 sys
Command terminated by signal 2
A-2-50:	1:55.86 real,	431.31 user,	31.85 sys
A-2-50:	2:32.68 real,	29.79 user,	90.23 sys
B-2-50:	3:26.99 real,	424.16 user,	27.24 sys
C-2-50:	3:23.90 real,	437.06 user,	117.01 sys
D-2-50:	3:25.53 real,	415.12 user,	25.89 sys
E-2-50:	3:24.48 real,	434.52 user,	116.06 sys
F-2-50:	3:24.87 real,	438.35 user,	114.96 sys
G-2-50:	33:08.00 real,	432.90 user,	121.26 sys
H-2-50:	3:27.88 real,	441.07 user,	120.80 sys
G-2-50:	3:30.11 real,	481.14 user,	123.48 sys
H-2-50:	3:27.41 real,	444.84 user,	118.67 sys
