2024-02-04 04:27:02.180825 [debug] request_service_svcb_record SVCB SERVICE REQUEST SEND
2024-02-04 04:27:02.187162 [debug] Joining to multicast group 224.244.224.245 from 10.0.0.2
2024-02-04 04:27:02.189399 [debug] service_svcb_resolve_callback SVCB SERVICE RESPONSE RECEIVE
2024-02-04 04:27:02.190057 [debug] validate_offer VALIDATE OFFER START
2024-02-04 04:27:02.190579 [debug] request_service_tlsa_record TLSA SERVICE REQUEST SEND
2024-02-04 04:27:02.194504 [debug] service_tlsa_resolve_callback TLSA SERVICE RESPONSE RECEIVE
2024-02-04 04:27:02.205829 [debug] validate_subscribe_ack_and_verify_signature VERIFY SERVICE SIGNATURE START
2024-02-04 04:27:02.639564 [debug] on_find_debounce_timer_expired FIND SEND
2024-02-04 04:27:02.647889 [debug] process_serviceentry OFFER RECEIVE
2024-02-04 04:27:02.648474 [debug] validate_offer VALIDATE OFFER START
2024-02-04 04:27:02.648889 [debug] validate_offer VALIDATE OFFER END
2024-02-04 04:27:02.682306 [debug] process_authentication_for_created_subscribe CLIENT SIGN START
2024-02-04 04:27:02.691304 [debug] process_authentication_for_created_subscribe CLIENT SIGN END
2024-02-04 04:27:02.691672 [debug] create_eventgroup_entry SUBSCRIBE SEND
2024-02-04 04:27:03.474031 [debug] process_serviceentry OFFER RECEIVE
2024-02-04 04:27:03.474918 [debug] validate_offer VALIDATE OFFER START
2024-02-04 04:27:03.475340 [debug] validate_offer VALIDATE OFFER END
2024-02-04 04:27:03.475917 [debug] process_authentication_for_created_subscribe CLIENT SIGN START
2024-02-04 04:27:03.485321 [debug] process_authentication_for_created_subscribe CLIENT SIGN END
2024-02-04 04:27:03.485689 [debug] create_eventgroup_entry SUBSCRIBE SEND
2024-02-04 04:27:03.508137 [debug] process_eventgroupentry SUBSCRIBE ACK RECEIVE
2024-02-04 04:27:03.508610 [debug] validate_subscribe_ack_and_verify_signature VERIFY SERVICE SIGNATURE START
2024-02-04 04:27:03.510988 [debug] validate_subscribe_ack_and_verify_signature VERIFY SERVICE SIGNATURE END